TN:
SF:/Users/Cloud/Documents/Project/LoftSchool/loftschool-example/src/index.js
FN:8,returnFirstArgument
FN:18,defaultParameterValue
FN:28,returnArgumentsArray
FN:41,returnFnResult
FN:44,(anonymous_4)
FN:54,returnCounter
FN:55,f
FN:61,returnCounter
FN:62,(anonymous_8)
FN:75,bindFunction
FNF:10
FNH:8
FNDA:1,returnFirstArgument
FNDA:2,defaultParameterValue
FNDA:2,returnArgumentsArray
FNDA:2,returnFnResult
FNDA:1,(anonymous_4)
FNDA:0,returnCounter
FNDA:0,f
FNDA:3,returnCounter
FNDA:6,(anonymous_8)
FNDA:2,bindFunction
DA:9,1
DA:19,2
DA:29,2
DA:30,2
DA:31,5
DA:33,2
DA:42,2
DA:44,1
DA:56,0
DA:58,0
DA:62,3
DA:63,6
LF:12
LH:10
BRDA:18,0,0,1
BRDA:54,1,0,0
BRDA:61,2,0,2
BRF:3
BRH:2
end_of_record
